[2024-02-13T15:47:35.+0100W. Europe Standard Time] [Debug]: Initialized log file: ".\logs\CooTrafo.log"
[2024-02-13T15:47:35.+0100W. Europe Standard Time] [Info]: Initializing SPICE toolkit version 'CSPICE_N0067'.
[2024-02-13T15:47:35.+0100W. Europe Standard Time] [Trace]: Init() finished.
[2024-02-13T15:47:35.+0100W. Europe Standard Time] [Trace]: AddSpiceKernel() called with spice kernel path = "./hera/kernels/mk/hera_crema_2_0_LPO_ECP_PDP.tm".
[2024-02-13T15:47:35.+0100W. Europe Standard Time] [Warning]: Could not load CSPICE: "./hera/kernels/mk/hera_crema_2_0_LPO_ECP_PDP.tm" (SPICE(NOSUCHFILE): )!
[2024-02-13T15:50:01.+0100W. Europe Standard Time] [Debug]: Initialized log file: ".\logs\CooTrafo.log"
[2024-02-13T15:50:01.+0100W. Europe Standard Time] [Info]: Initializing SPICE toolkit version 'CSPICE_N0067'.
[2024-02-13T15:50:01.+0100W. Europe Standard Time] [Trace]: Init() finished.
[2024-02-13T15:50:01.+0100W. Europe Standard Time] [Trace]: AddSpiceKernel() called with spice kernel path = "C:\Users\hs\Desktop\community\PRo3D.Extensions.Net\src\PRo3D-ExtensionsSharp.Tests\..\..\./hera/kernels/mk/hera_crema_2_0_LPO_ECP_PDP.tm".
[2024-02-13T15:50:02.+0100W. Europe Standard Time] [Info]: Loaded CSpice Kernel "C:\Users\hs\Desktop\community\PRo3D.Extensions.Net\src\PRo3D-ExtensionsSharp.Tests\..\..\./hera/kernels/mk/hera_crema_2_0_LPO_ECP_PDP.tm".
[2024-02-13T15:50:02.+0100W. Europe Standard Time] [Trace]: AddSpiceKernel() finished.
[2024-02-13T15:50:42.+0100W. Europe Standard Time] [Debug]: Initialized log file: ".\logs\CooTrafo.log"
[2024-02-13T15:50:42.+0100W. Europe Standard Time] [Info]: Initializing SPICE toolkit version 'CSPICE_N0067'.
[2024-02-13T15:50:42.+0100W. Europe Standard Time] [Trace]: Init() finished.
[2024-02-13T15:50:42.+0100W. Europe Standard Time] [Trace]: AddSpiceKernel() called with spice kernel path = "C:\Users\hs\Desktop\community\PRo3D.Extensions.Net\src\PRo3D-ExtensionsSharp.Tests\..\..\./hera/kernels/mk/hera_crema_2_0_LPO_ECP_PDP.tm".
[2024-02-13T15:50:42.+0100W. Europe Standard Time] [Info]: Loaded CSpice Kernel "C:\Users\hs\Desktop\community\PRo3D.Extensions.Net\src\PRo3D-ExtensionsSharp.Tests\..\..\./hera/kernels/mk/hera_crema_2_0_LPO_ECP_PDP.tm".
[2024-02-13T15:50:42.+0100W. Europe Standard Time] [Trace]: AddSpiceKernel() finished.
[2024-02-13T15:52:14.+0100W. Europe Standard Time] [Debug]: Initialized log file: ".\logs\CooTrafo.log"
[2024-02-13T15:52:14.+0100W. Europe Standard Time] [Info]: Initializing SPICE toolkit version 'CSPICE_N0067'.
[2024-02-13T15:52:14.+0100W. Europe Standard Time] [Trace]: Init() finished.
[2024-02-13T15:52:14.+0100W. Europe Standard Time] [Trace]: AddSpiceKernel() called with spice kernel path = "C:\Users\hs\Desktop\community\PRo3D.Extensions.Net\src\PRo3D-ExtensionsSharp.Tests\..\..\./hera/kernels/mk/hera_crema_2_0_LPO_ECP_PDP.tm".
[2024-02-13T15:52:14.+0100W. Europe Standard Time] [Info]: Loaded CSpice Kernel "C:\Users\hs\Desktop\community\PRo3D.Extensions.Net\src\PRo3D-ExtensionsSharp.Tests\..\..\./hera/kernels/mk/hera_crema_2_0_LPO_ECP_PDP.tm".
[2024-02-13T15:52:14.+0100W. Europe Standard Time] [Trace]: AddSpiceKernel() finished.
[2024-02-13T17:14:54.+0100W. Europe Standard Time] [Debug]: Initialized log file: ".\logs\CooTrafo.log"
[2024-02-13T17:14:54.+0100W. Europe Standard Time] [Info]: Initializing SPICE toolkit version 'CSPICE_N0067'.
[2024-02-13T17:14:54.+0100W. Europe Standard Time] [Trace]: Init() finished.
[2024-02-13T17:14:54.+0100W. Europe Standard Time] [Trace]: AddSpiceKernel() called with spice kernel path = "C:\Users\hs\Desktop\community\PRo3D.Extensions.Net\src\PRo3D.SPICE.Tests\..\..\./hera/kernels/mk/hera_crema_2_0_LPO_ECP_PDP.tm".
[2024-02-13T17:14:55.+0100W. Europe Standard Time] [Info]: Loaded CSpice Kernel "C:\Users\hs\Desktop\community\PRo3D.Extensions.Net\src\PRo3D.SPICE.Tests\..\..\./hera/kernels/mk/hera_crema_2_0_LPO_ECP_PDP.tm".
[2024-02-13T17:14:55.+0100W. Europe Standard Time] [Trace]: AddSpiceKernel() finished.
[2024-02-13T17:15:09.+0100W. Europe Standard Time] [Debug]: Initialized log file: ".\logs\CooTrafo.log"
[2024-02-13T17:15:09.+0100W. Europe Standard Time] [Info]: Initializing SPICE toolkit version 'CSPICE_N0067'.
[2024-02-13T17:15:09.+0100W. Europe Standard Time] [Trace]: Init() finished.
[2024-02-13T17:15:09.+0100W. Europe Standard Time] [Trace]: AddSpiceKernel() called with spice kernel path = "C:\Users\hs\Desktop\community\PRo3D.Extensions.Net\src\PRo3D.SPICE.Tests\..\..\./hera/kernels/mk/hera_crema_2_0_LPO_ECP_PDP.tm".
[2024-02-13T17:15:09.+0100W. Europe Standard Time] [Info]: Loaded CSpice Kernel "C:\Users\hs\Desktop\community\PRo3D.Extensions.Net\src\PRo3D.SPICE.Tests\..\..\./hera/kernels/mk/hera_crema_2_0_LPO_ECP_PDP.tm".
[2024-02-13T17:15:09.+0100W. Europe Standard Time] [Trace]: AddSpiceKernel() finished.
[2024-02-13T17:15:32.+0100W. Europe Standard Time] [Debug]: Initialized log file: ".\logs\CooTrafo.log"
[2024-02-13T17:15:32.+0100W. Europe Standard Time] [Info]: Initializing SPICE toolkit version 'CSPICE_N0067'.
[2024-02-13T17:15:32.+0100W. Europe Standard Time] [Trace]: Init() finished.
[2024-02-13T17:15:32.+0100W. Europe Standard Time] [Trace]: AddSpiceKernel() called with spice kernel path = "C:\Users\hs\Desktop\community\PRo3D.Extensions.Net\src\PRo3D.SPICE.Tests\..\..\./hera/kernels/mk/hera_crema_2_0_LPO_ECP_PDP.tm".
[2024-02-13T17:15:32.+0100W. Europe Standard Time] [Info]: Loaded CSpice Kernel "C:\Users\hs\Desktop\community\PRo3D.Extensions.Net\src\PRo3D.SPICE.Tests\..\..\./hera/kernels/mk/hera_crema_2_0_LPO_ECP_PDP.tm".
[2024-02-13T17:15:32.+0100W. Europe Standard Time] [Trace]: AddSpiceKernel() finished.
[2024-02-13T17:16:19.+0100W. Europe Standard Time] [Debug]: Initialized log file: ".\logs\CooTrafo.log"
[2024-02-13T17:16:19.+0100W. Europe Standard Time] [Info]: Initializing SPICE toolkit version 'CSPICE_N0067'.
[2024-02-13T17:16:19.+0100W. Europe Standard Time] [Trace]: Init() finished.
[2024-02-13T17:16:19.+0100W. Europe Standard Time] [Trace]: AddSpiceKernel() called with spice kernel path = "C:\Users\hs\Desktop\community\PRo3D.Extensions.Net\src\PRo3D.SPICE.Tests\..\..\./hera/kernels/mk/hera_crema_2_0_LPO_ECP_PDP.tm".
[2024-02-13T17:16:19.+0100W. Europe Standard Time] [Info]: Loaded CSpice Kernel "C:\Users\hs\Desktop\community\PRo3D.Extensions.Net\src\PRo3D.SPICE.Tests\..\..\./hera/kernels/mk/hera_crema_2_0_LPO_ECP_PDP.tm".
[2024-02-13T17:16:19.+0100W. Europe Standard Time] [Trace]: AddSpiceKernel() finished.
